2023-07-30T18:09:36.777+02:00  INFO 9964 --- [main] com.example.Spring.Application           : Starting Application using Java 19.0.2 with PID 9964 (C:\Users\andre\IdeaProjects\Develhope_SpringBoot\target\classes started by andre in C:\Users\andre\IdeaProjects\Develhope_SpringBoot)
2023-07-30T18:09:36.780+02:00  INFO 9964 --- [main] com.example.Spring.Application           : No active profile set, falling back to 1 default profile: "default"
2023-07-30T18:09:37.512+02:00  INFO 9964 --- [main] .s.d.r.c.RepositoryConfigurationDelegate : Bootstrapping Spring Data JPA repositories in DEFAULT mode.
2023-07-30T18:09:37.593+02:00  INFO 9964 --- [main] .s.d.r.c.RepositoryConfigurationDelegate : Finished Spring Data repository scanning in 74 ms. Found 2 JPA repository interfaces.
2023-07-30T18:09:38.108+02:00  INFO 9964 --- [main] o.s.b.w.embedded.tomcat.TomcatWebServer  : Tomcat initialized with port(s): 8080 (http)
2023-07-30T18:09:38.118+02:00  INFO 9964 --- [main] o.apache.catalina.core.StandardService   : Starting service [Tomcat]
2023-07-30T18:09:38.118+02:00  INFO 9964 --- [main] o.apache.catalina.core.StandardEngine    : Starting Servlet engine: [Apache Tomcat/10.1.10]
2023-07-30T18:09:38.197+02:00  INFO 9964 --- [main] o.a.c.c.C.[Tomcat].[localhost].[/]       : Initializing Spring embedded WebApplicationContext
2023-07-30T18:09:38.199+02:00  INFO 9964 --- [main] w.s.c.ServletWebServerApplicationContext : Root WebApplicationContext: initialization completed in 1367 ms
2023-07-30T18:09:38.377+02:00  INFO 9964 --- [main] o.hibernate.jpa.internal.util.LogHelper  : HHH000204: Processing PersistenceUnitInfo [name: default]
2023-07-30T18:09:38.434+02:00  INFO 9964 --- [main] org.hibernate.Version                    : HHH000412: Hibernate ORM core version 6.2.5.Final
2023-07-30T18:09:38.436+02:00  INFO 9964 --- [main] org.hibernate.cfg.Environment            : HHH000406: Using bytecode reflection optimizer
2023-07-30T18:09:38.563+02:00  INFO 9964 --- [main] o.h.b.i.BytecodeProviderInitiator        : HHH000021: Bytecode provider name : bytebuddy
2023-07-30T18:09:38.687+02:00  INFO 9964 --- [main] o.s.o.j.p.SpringPersistenceUnitInfo      : No LoadTimeWeaver setup: ignoring JPA class transformer
2023-07-30T18:09:38.701+02:00  INFO 9964 --- [main] com.zaxxer.hikari.HikariDataSource       : HikariPool-1 - Starting...
2023-07-30T18:09:38.994+02:00  INFO 9964 --- [main] com.zaxxer.hikari.pool.HikariPool        : HikariPool-1 - Added connection com.mysql.cj.jdbc.ConnectionImpl@6903ed0e
2023-07-30T18:09:38.996+02:00  INFO 9964 --- [main] com.zaxxer.hikari.HikariDataSource       : HikariPool-1 - Start completed.
2023-07-30T18:09:39.280+02:00  INFO 9964 --- [main] o.h.b.i.BytecodeProviderInitiator        : HHH000021: Bytecode provider name : bytebuddy
2023-07-30T18:09:39.787+02:00  INFO 9964 --- [main] o.h.e.t.j.p.i.JtaPlatformInitiator       : HHH000490: Using JtaPlatform implementation: [org.hibernate.engine.transaction.jta.platform.internal.NoJtaPlatform]
2023-07-30T18:09:39.902+02:00  INFO 9964 --- [main] j.LocalContainerEntityManagerFactoryBean : Initialized JPA EntityManagerFactory for persistence unit 'default'
2023-07-30T18:09:39.914+02:00  WARN 9964 --- [main] ConfigServletWebServerApplicationContext : Exception encountered during context initialization - cancelling refresh attempt: org.springframework.beans.factory.UnsatisfiedDependencyException: Error creating bean with name 'ingredientController': Unsatisfied dependency expressed through field 'ingredientService': No qualifying bean of type 'com.example.Spring.CrudOperationOnAnEntity.service.IngredientService' available: expected at least 1 bean which qualifies as autowire candidate. Dependency annotations: {@org.springframework.beans.factory.annotation.Autowired(required=true)}
2023-07-30T18:09:39.914+02:00  INFO 9964 --- [main] j.LocalContainerEntityManagerFactoryBean : Closing JPA EntityManagerFactory for persistence unit 'default'
2023-07-30T18:09:39.917+02:00  INFO 9964 --- [main] com.zaxxer.hikari.HikariDataSource       : HikariPool-1 - Shutdown initiated...
2023-07-30T18:09:39.924+02:00  INFO 9964 --- [main] com.zaxxer.hikari.HikariDataSource       : HikariPool-1 - Shutdown completed.
2023-07-30T18:09:39.925+02:00  INFO 9964 --- [main] o.apache.catalina.core.StandardService   : Stopping service [Tomcat]
2023-07-30T18:09:39.935+02:00  INFO 9964 --- [main] .s.b.a.l.ConditionEvaluationReportLogger : 

Error starting ApplicationContext. To display the condition evaluation report re-run your application with 'debug' enabled.
2023-07-30T18:09:39.953+02:00 ERROR 9964 --- [main] o.s.b.d.LoggingFailureAnalysisReporter   : 

***************************
APPLICATION FAILED TO START
***************************

Description:

Field ingredientService in com.example.Spring.CrudOperationOnAnEntity.controller.IngredientController required a bean of type 'com.example.Spring.CrudOperationOnAnEntity.service.IngredientService' that could not be found.

The injection point has the following annotations:
	- @org.springframework.beans.factory.annotation.Autowired(required=true)


Action:

Consider defining a bean of type 'com.example.Spring.CrudOperationOnAnEntity.service.IngredientService' in your configuration.

2023-07-30T18:13:39.112+02:00  INFO 10596 --- [main] com.example.Spring.Application           : Starting Application using Java 19.0.2 with PID 10596 (C:\Users\andre\IdeaProjects\Develhope_SpringBoot\target\classes started by andre in C:\Users\andre\IdeaProjects\Develhope_SpringBoot)
2023-07-30T18:13:39.114+02:00  INFO 10596 --- [main] com.example.Spring.Application           : No active profile set, falling back to 1 default profile: "default"
2023-07-30T18:13:39.668+02:00  INFO 10596 --- [main] .s.d.r.c.RepositoryConfigurationDelegate : Bootstrapping Spring Data JPA repositories in DEFAULT mode.
2023-07-30T18:13:39.718+02:00  INFO 10596 --- [main] .s.d.r.c.RepositoryConfigurationDelegate : Finished Spring Data repository scanning in 45 ms. Found 2 JPA repository interfaces.
2023-07-30T18:13:40.175+02:00  INFO 10596 --- [main] o.s.b.w.embedded.tomcat.TomcatWebServer  : Tomcat initialized with port(s): 8080 (http)
2023-07-30T18:13:40.185+02:00  INFO 10596 --- [main] o.apache.catalina.core.StandardService   : Starting service [Tomcat]
2023-07-30T18:13:40.185+02:00  INFO 10596 --- [main] o.apache.catalina.core.StandardEngine    : Starting Servlet engine: [Apache Tomcat/10.1.10]
2023-07-30T18:13:40.259+02:00  INFO 10596 --- [main] o.a.c.c.C.[Tomcat].[localhost].[/]       : Initializing Spring embedded WebApplicationContext
2023-07-30T18:13:40.260+02:00  INFO 10596 --- [main] w.s.c.ServletWebServerApplicationContext : Root WebApplicationContext: initialization completed in 1101 ms
2023-07-30T18:13:40.384+02:00  INFO 10596 --- [main] o.hibernate.jpa.internal.util.LogHelper  : HHH000204: Processing PersistenceUnitInfo [name: default]
2023-07-30T18:13:40.434+02:00  INFO 10596 --- [main] org.hibernate.Version                    : HHH000412: Hibernate ORM core version 6.2.5.Final
2023-07-30T18:13:40.435+02:00  INFO 10596 --- [main] org.hibernate.cfg.Environment            : HHH000406: Using bytecode reflection optimizer
2023-07-30T18:13:40.538+02:00  INFO 10596 --- [main] o.h.b.i.BytecodeProviderInitiator        : HHH000021: Bytecode provider name : bytebuddy
2023-07-30T18:13:40.651+02:00  INFO 10596 --- [main] o.s.o.j.p.SpringPersistenceUnitInfo      : No LoadTimeWeaver setup: ignoring JPA class transformer
2023-07-30T18:13:40.665+02:00  INFO 10596 --- [main] com.zaxxer.hikari.HikariDataSource       : HikariPool-1 - Starting...
2023-07-30T18:13:40.907+02:00  INFO 10596 --- [main] com.zaxxer.hikari.pool.HikariPool        : HikariPool-1 - Added connection com.mysql.cj.jdbc.ConnectionImpl@4e7bc939
2023-07-30T18:13:40.908+02:00  INFO 10596 --- [main] com.zaxxer.hikari.HikariDataSource       : HikariPool-1 - Start completed.
2023-07-30T18:13:41.114+02:00  INFO 10596 --- [main] o.h.b.i.BytecodeProviderInitiator        : HHH000021: Bytecode provider name : bytebuddy
2023-07-30T18:13:41.550+02:00  INFO 10596 --- [main] o.h.e.t.j.p.i.JtaPlatformInitiator       : HHH000490: Using JtaPlatform implementation: [org.hibernate.engine.transaction.jta.platform.internal.NoJtaPlatform]
2023-07-30T18:13:41.609+02:00  INFO 10596 --- [main] j.LocalContainerEntityManagerFactoryBean : Initialized JPA EntityManagerFactory for persistence unit 'default'
2023-07-30T18:13:41.619+02:00  WARN 10596 --- [main] ConfigServletWebServerApplicationContext : Exception encountered during context initialization - cancelling refresh attempt: org.springframework.beans.factory.UnsatisfiedDependencyException: Error creating bean with name 'ingredientController': Unsatisfied dependency expressed through field 'ingredientService': No qualifying bean of type 'com.example.Spring.CrudOperationOnAnEntity.service.IngredientService' available: expected at least 1 bean which qualifies as autowire candidate. Dependency annotations: {@org.springframework.beans.factory.annotation.Autowired(required=true)}
2023-07-30T18:13:41.619+02:00  INFO 10596 --- [main] j.LocalContainerEntityManagerFactoryBean : Closing JPA EntityManagerFactory for persistence unit 'default'
2023-07-30T18:13:41.621+02:00  INFO 10596 --- [main] com.zaxxer.hikari.HikariDataSource       : HikariPool-1 - Shutdown initiated...
2023-07-30T18:13:41.628+02:00  INFO 10596 --- [main] com.zaxxer.hikari.HikariDataSource       : HikariPool-1 - Shutdown completed.
2023-07-30T18:13:41.630+02:00  INFO 10596 --- [main] o.apache.catalina.core.StandardService   : Stopping service [Tomcat]
2023-07-30T18:13:41.639+02:00  INFO 10596 --- [main] .s.b.a.l.ConditionEvaluationReportLogger : 

Error starting ApplicationContext. To display the condition evaluation report re-run your application with 'debug' enabled.
2023-07-30T18:13:41.655+02:00 ERROR 10596 --- [main] o.s.b.d.LoggingFailureAnalysisReporter   : 

***************************
APPLICATION FAILED TO START
***************************

Description:

Field ingredientService in com.example.Spring.CrudOperationOnAnEntity.controller.IngredientController required a bean of type 'com.example.Spring.CrudOperationOnAnEntity.service.IngredientService' that could not be found.

The injection point has the following annotations:
	- @org.springframework.beans.factory.annotation.Autowired(required=true)


Action:

Consider defining a bean of type 'com.example.Spring.CrudOperationOnAnEntity.service.IngredientService' in your configuration.

2023-07-30T18:13:57.597+02:00  INFO 1648 --- [main] com.example.Spring.Application           : Starting Application using Java 19.0.2 with PID 1648 (C:\Users\andre\IdeaProjects\Develhope_SpringBoot\target\classes started by andre in C:\Users\andre\IdeaProjects\Develhope_SpringBoot)
2023-07-30T18:13:57.599+02:00  INFO 1648 --- [main] com.example.Spring.Application           : No active profile set, falling back to 1 default profile: "default"
2023-07-30T18:13:58.163+02:00  INFO 1648 --- [main] .s.d.r.c.RepositoryConfigurationDelegate : Bootstrapping Spring Data JPA repositories in DEFAULT mode.
2023-07-30T18:13:58.210+02:00  INFO 1648 --- [main] .s.d.r.c.RepositoryConfigurationDelegate : Finished Spring Data repository scanning in 40 ms. Found 2 JPA repository interfaces.
2023-07-30T18:13:58.679+02:00  INFO 1648 --- [main] o.s.b.w.embedded.tomcat.TomcatWebServer  : Tomcat initialized with port(s): 8080 (http)
2023-07-30T18:13:58.686+02:00  INFO 1648 --- [main] o.apache.catalina.core.StandardService   : Starting service [Tomcat]
2023-07-30T18:13:58.687+02:00  INFO 1648 --- [main] o.apache.catalina.core.StandardEngine    : Starting Servlet engine: [Apache Tomcat/10.1.10]
2023-07-30T18:13:58.756+02:00  INFO 1648 --- [main] o.a.c.c.C.[Tomcat].[localhost].[/]       : Initializing Spring embedded WebApplicationContext
2023-07-30T18:13:58.756+02:00  INFO 1648 --- [main] w.s.c.ServletWebServerApplicationContext : Root WebApplicationContext: initialization completed in 1111 ms
2023-07-30T18:13:58.878+02:00  INFO 1648 --- [main] o.hibernate.jpa.internal.util.LogHelper  : HHH000204: Processing PersistenceUnitInfo [name: default]
2023-07-30T18:13:58.928+02:00  INFO 1648 --- [main] org.hibernate.Version                    : HHH000412: Hibernate ORM core version 6.2.5.Final
2023-07-30T18:13:58.930+02:00  INFO 1648 --- [main] org.hibernate.cfg.Environment            : HHH000406: Using bytecode reflection optimizer
2023-07-30T18:13:59.022+02:00  INFO 1648 --- [main] o.h.b.i.BytecodeProviderInitiator        : HHH000021: Bytecode provider name : bytebuddy
2023-07-30T18:13:59.117+02:00  INFO 1648 --- [main] o.s.o.j.p.SpringPersistenceUnitInfo      : No LoadTimeWeaver setup: ignoring JPA class transformer
2023-07-30T18:13:59.130+02:00  INFO 1648 --- [main] com.zaxxer.hikari.HikariDataSource       : HikariPool-1 - Starting...
2023-07-30T18:13:59.363+02:00  INFO 1648 --- [main] com.zaxxer.hikari.pool.HikariPool        : HikariPool-1 - Added connection com.mysql.cj.jdbc.ConnectionImpl@60fc7f43
2023-07-30T18:13:59.364+02:00  INFO 1648 --- [main] com.zaxxer.hikari.HikariDataSource       : HikariPool-1 - Start completed.
2023-07-30T18:13:59.578+02:00  INFO 1648 --- [main] o.h.b.i.BytecodeProviderInitiator        : HHH000021: Bytecode provider name : bytebuddy
2023-07-30T18:14:00.007+02:00  INFO 1648 --- [main] o.h.e.t.j.p.i.JtaPlatformInitiator       : HHH000490: Using JtaPlatform implementation: [org.hibernate.engine.transaction.jta.platform.internal.NoJtaPlatform]
2023-07-30T18:14:00.067+02:00  INFO 1648 --- [main] j.LocalContainerEntityManagerFactoryBean : Initialized JPA EntityManagerFactory for persistence unit 'default'
2023-07-30T18:14:00.078+02:00  WARN 1648 --- [main] ConfigServletWebServerApplicationContext : Exception encountered during context initialization - cancelling refresh attempt: org.springframework.beans.factory.UnsatisfiedDependencyException: Error creating bean with name 'ingredientController': Unsatisfied dependency expressed through field 'ingredientService': No qualifying bean of type 'com.example.Spring.CrudOperationOnAnEntity.service.IngredientService' available: expected at least 1 bean which qualifies as autowire candidate. Dependency annotations: {@org.springframework.beans.factory.annotation.Autowired(required=true)}
2023-07-30T18:14:00.079+02:00  INFO 1648 --- [main] j.LocalContainerEntityManagerFactoryBean : Closing JPA EntityManagerFactory for persistence unit 'default'
2023-07-30T18:14:00.081+02:00  INFO 1648 --- [main] com.zaxxer.hikari.HikariDataSource       : HikariPool-1 - Shutdown initiated...
2023-07-30T18:14:00.087+02:00  INFO 1648 --- [main] com.zaxxer.hikari.HikariDataSource       : HikariPool-1 - Shutdown completed.
2023-07-30T18:14:00.088+02:00  INFO 1648 --- [main] o.apache.catalina.core.StandardService   : Stopping service [Tomcat]
2023-07-30T18:14:00.097+02:00  INFO 1648 --- [main] .s.b.a.l.ConditionEvaluationReportLogger : 

Error starting ApplicationContext. To display the condition evaluation report re-run your application with 'debug' enabled.
2023-07-30T18:14:00.113+02:00 ERROR 1648 --- [main] o.s.b.d.LoggingFailureAnalysisReporter   : 

***************************
APPLICATION FAILED TO START
***************************

Description:

Field ingredientService in com.example.Spring.CrudOperationOnAnEntity.controller.IngredientController required a bean of type 'com.example.Spring.CrudOperationOnAnEntity.service.IngredientService' that could not be found.

The injection point has the following annotations:
	- @org.springframework.beans.factory.annotation.Autowired(required=true)


Action:

Consider defining a bean of type 'com.example.Spring.CrudOperationOnAnEntity.service.IngredientService' in your configuration.

2023-07-30T18:15:31.638+02:00  INFO 15640 --- [main] com.example.Spring.Application           : Starting Application using Java 19.0.2 with PID 15640 (C:\Users\andre\IdeaProjects\Develhope_SpringBoot\target\classes started by andre in C:\Users\andre\IdeaProjects\Develhope_SpringBoot)
2023-07-30T18:15:31.639+02:00  INFO 15640 --- [main] com.example.Spring.Application           : No active profile set, falling back to 1 default profile: "default"
2023-07-30T18:15:32.219+02:00  INFO 15640 --- [main] .s.d.r.c.RepositoryConfigurationDelegate : Bootstrapping Spring Data JPA repositories in DEFAULT mode.
2023-07-30T18:15:32.261+02:00  INFO 15640 --- [main] .s.d.r.c.RepositoryConfigurationDelegate : Finished Spring Data repository scanning in 37 ms. Found 2 JPA repository interfaces.
2023-07-30T18:15:32.721+02:00  INFO 15640 --- [main] o.s.b.w.embedded.tomcat.TomcatWebServer  : Tomcat initialized with port(s): 8080 (http)
2023-07-30T18:15:32.728+02:00  INFO 15640 --- [main] o.apache.catalina.core.StandardService   : Starting service [Tomcat]
2023-07-30T18:15:32.728+02:00  INFO 15640 --- [main] o.apache.catalina.core.StandardEngine    : Starting Servlet engine: [Apache Tomcat/10.1.10]
2023-07-30T18:15:32.803+02:00  INFO 15640 --- [main] o.a.c.c.C.[Tomcat].[localhost].[/]       : Initializing Spring embedded WebApplicationContext
2023-07-30T18:15:32.804+02:00  INFO 15640 --- [main] w.s.c.ServletWebServerApplicationContext : Root WebApplicationContext: initialization completed in 1120 ms
2023-07-30T18:15:32.936+02:00  INFO 15640 --- [main] o.hibernate.jpa.internal.util.LogHelper  : HHH000204: Processing PersistenceUnitInfo [name: default]
2023-07-30T18:15:32.980+02:00  INFO 15640 --- [main] org.hibernate.Version                    : HHH000412: Hibernate ORM core version 6.2.5.Final
2023-07-30T18:15:32.981+02:00  INFO 15640 --- [main] org.hibernate.cfg.Environment            : HHH000406: Using bytecode reflection optimizer
2023-07-30T18:15:33.064+02:00  INFO 15640 --- [main] o.h.b.i.BytecodeProviderInitiator        : HHH000021: Bytecode provider name : bytebuddy
2023-07-30T18:15:33.153+02:00  INFO 15640 --- [main] o.s.o.j.p.SpringPersistenceUnitInfo      : No LoadTimeWeaver setup: ignoring JPA class transformer
2023-07-30T18:15:33.167+02:00  INFO 15640 --- [main] com.zaxxer.hikari.HikariDataSource       : HikariPool-1 - Starting...
2023-07-30T18:15:33.398+02:00  INFO 15640 --- [main] com.zaxxer.hikari.pool.HikariPool        : HikariPool-1 - Added connection com.mysql.cj.jdbc.ConnectionImpl@4d290757
2023-07-30T18:15:33.400+02:00  INFO 15640 --- [main] com.zaxxer.hikari.HikariDataSource       : HikariPool-1 - Start completed.
2023-07-30T18:15:33.622+02:00  INFO 15640 --- [main] o.h.b.i.BytecodeProviderInitiator        : HHH000021: Bytecode provider name : bytebuddy
2023-07-30T18:15:34.050+02:00  INFO 15640 --- [main] o.h.e.t.j.p.i.JtaPlatformInitiator       : HHH000490: Using JtaPlatform implementation: [org.hibernate.engine.transaction.jta.platform.internal.NoJtaPlatform]
2023-07-30T18:15:34.107+02:00  INFO 15640 --- [main] j.LocalContainerEntityManagerFactoryBean : Initialized JPA EntityManagerFactory for persistence unit 'default'
2023-07-30T18:15:34.426+02:00  WARN 15640 --- [main] JpaBaseConfiguration$JpaWebConfiguration : spring.jpa.open-in-view is enabled by default. Therefore, database queries may be performed during view rendering. Explicitly configure spring.jpa.open-in-view to disable this warning
2023-07-30T18:15:34.587+02:00  WARN 15640 --- [main] ConfigServletWebServerApplicationContext : Exception encountered during context initialization - cancelling refresh attempt: org.springframework.beans.factory.BeanCreationException: Error creating bean with name 'requestMappingHandlerMapping' defined in class path resource [org/springframework/boot/autoconfigure/web/servlet/WebMvcAutoConfiguration$EnableWebMvcConfiguration.class]: Ambiguous mapping. Cannot map 'firstController' method 
com.example.Spring.FirstController#addMeal(Meal)
to {POST [/meal]}: There is already 'mealController' bean method
com.example.Spring.CrudOperationOnAnEntity.controller.MealController#createMeal(Meal) mapped.
2023-07-30T18:15:34.587+02:00  INFO 15640 --- [main] j.LocalContainerEntityManagerFactoryBean : Closing JPA EntityManagerFactory for persistence unit 'default'
2023-07-30T18:15:34.589+02:00  INFO 15640 --- [main] com.zaxxer.hikari.HikariDataSource       : HikariPool-1 - Shutdown initiated...
2023-07-30T18:15:34.596+02:00  INFO 15640 --- [main] com.zaxxer.hikari.HikariDataSource       : HikariPool-1 - Shutdown completed.
2023-07-30T18:15:34.598+02:00  INFO 15640 --- [main] o.apache.catalina.core.StandardService   : Stopping service [Tomcat]
2023-07-30T18:15:34.607+02:00  INFO 15640 --- [main] .s.b.a.l.ConditionEvaluationReportLogger : 

Error starting ApplicationContext. To display the condition evaluation report re-run your application with 'debug' enabled.
2023-07-30T18:15:34.620+02:00 ERROR 15640 --- [main] o.s.boot.SpringApplication               : Application run failed

org.springframework.beans.factory.BeanCreationException: Error creating bean with name 'requestMappingHandlerMapping' defined in class path resource [org/springframework/boot/autoconfigure/web/servlet/WebMvcAutoConfiguration$EnableWebMvcConfiguration.class]: Ambiguous mapping. Cannot map 'firstController' method 
com.example.Spring.FirstController#addMeal(Meal)
to {POST [/meal]}: There is already 'mealController' bean method
com.example.Spring.CrudOperationOnAnEntity.controller.MealController#createMeal(Meal) mapped.
	at org.springframework.beans.factory.support.AbstractAutowireCapableBeanFactory.initializeBean(AbstractAutowireCapableBeanFactory.java:1770) ~[spring-beans-6.0.10.jar:6.0.10]
	at org.springframework.beans.factory.support.AbstractAutowireCapableBeanFactory.doCreateBean(AbstractAutowireCapableBeanFactory.java:598) ~[spring-beans-6.0.10.jar:6.0.10]
	at org.springframework.beans.factory.support.AbstractAutowireCapableBeanFactory.createBean(AbstractAutowireCapableBeanFactory.java:520) ~[spring-beans-6.0.10.jar:6.0.10]
	at org.springframework.beans.factory.support.AbstractBeanFactory.lambda$doGetBean$0(AbstractBeanFactory.java:326) ~[spring-beans-6.0.10.jar:6.0.10]
	at org.springframework.beans.factory.support.DefaultSingletonBeanRegistry.getSingleton(DefaultSingletonBeanRegistry.java:234) ~[spring-beans-6.0.10.jar:6.0.10]
	at org.springframework.beans.factory.support.AbstractBeanFactory.doGetBean(AbstractBeanFactory.java:324) ~[spring-beans-6.0.10.jar:6.0.10]
	at org.springframework.beans.factory.support.AbstractBeanFactory.getBean(AbstractBeanFactory.java:200) ~[spring-beans-6.0.10.jar:6.0.10]
	at org.springframework.beans.factory.support.DefaultListableBeanFactory.preInstantiateSingletons(DefaultListableBeanFactory.java:973) ~[spring-beans-6.0.10.jar:6.0.10]
	at org.springframework.context.support.AbstractApplicationContext.finishBeanFactoryInitialization(AbstractApplicationContext.java:941) ~[spring-context-6.0.10.jar:6.0.10]
	at org.springframework.context.support.AbstractApplicationContext.refresh(AbstractApplicationContext.java:608) ~[spring-context-6.0.10.jar:6.0.10]
	at org.springframework.boot.web.servlet.context.ServletWebServerApplicationContext.refresh(ServletWebServerApplicationContext.java:146) ~[spring-boot-3.1.1.jar:3.1.1]
	at org.springframework.boot.SpringApplication.refresh(SpringApplication.java:734) ~[spring-boot-3.1.1.jar:3.1.1]
	at org.springframework.boot.SpringApplication.refreshContext(SpringApplication.java:436) ~[spring-boot-3.1.1.jar:3.1.1]
	at org.springframework.boot.SpringApplication.run(SpringApplication.java:312) ~[spring-boot-3.1.1.jar:3.1.1]
	at org.springframework.boot.SpringApplication.run(SpringApplication.java:1306) ~[spring-boot-3.1.1.jar:3.1.1]
	at org.springframework.boot.SpringApplication.run(SpringApplication.java:1295) ~[spring-boot-3.1.1.jar:3.1.1]
	at com.example.Spring.Application.main(Application.java:11) ~[classes/:na]
Caused by: java.lang.IllegalStateException: Ambiguous mapping. Cannot map 'firstController' method 
com.example.Spring.FirstController#addMeal(Meal)
to {POST [/meal]}: There is already 'mealController' bean method
com.example.Spring.CrudOperationOnAnEntity.controller.MealController#createMeal(Meal) mapped.
	at org.springframework.web.servlet.handler.AbstractHandlerMethodMapping$MappingRegistry.validateMethodMapping(AbstractHandlerMethodMapping.java:667) ~[spring-webmvc-6.0.10.jar:6.0.10]
	at org.springframework.web.servlet.handler.AbstractHandlerMethodMapping$MappingRegistry.register(AbstractHandlerMethodMapping.java:633) ~[spring-webmvc-6.0.10.jar:6.0.10]
	at org.springframework.web.servlet.handler.AbstractHandlerMethodMapping.registerHandlerMethod(AbstractHandlerMethodMapping.java:331) ~[spring-webmvc-6.0.10.jar:6.0.10]
	at org.springframework.web.servlet.mvc.method.annotation.RequestMappingHandlerMapping.registerHandlerMethod(RequestMappingHandlerMapping.java:441) ~[spring-webmvc-6.0.10.jar:6.0.10]
	at org.springframework.web.servlet.mvc.method.annotation.RequestMappingHandlerMapping.registerHandlerMethod(RequestMappingHandlerMapping.java:76) ~[spring-webmvc-6.0.10.jar:6.0.10]
	at org.springframework.web.servlet.handler.AbstractHandlerMethodMapping.lambda$detectHandlerMethods$2(AbstractHandlerMethodMapping.java:298) ~[spring-webmvc-6.0.10.jar:6.0.10]
	at java.base/java.util.LinkedHashMap.forEach(LinkedHashMap.java:729) ~[na:na]
	at org.springframework.web.servlet.handler.AbstractHandlerMethodMapping.detectHandlerMethods(AbstractHandlerMethodMapping.java:296) ~[spring-webmvc-6.0.10.jar:6.0.10]
	at org.springframework.web.servlet.handler.AbstractHandlerMethodMapping.processCandidateBean(AbstractHandlerMethodMapping.java:265) ~[spring-webmvc-6.0.10.jar:6.0.10]
	at org.springframework.web.servlet.handler.AbstractHandlerMethodMapping.initHandlerMethods(AbstractHandlerMethodMapping.java:224) ~[spring-webmvc-6.0.10.jar:6.0.10]
	at org.springframework.web.servlet.handler.AbstractHandlerMethodMapping.afterPropertiesSet(AbstractHandlerMethodMapping.java:212) ~[spring-webmvc-6.0.10.jar:6.0.10]
	at org.springframework.web.servlet.mvc.method.annotation.RequestMappingHandlerMapping.afterPropertiesSet(RequestMappingHandlerMapping.java:225) ~[spring-webmvc-6.0.10.jar:6.0.10]
	at org.springframework.beans.factory.support.AbstractAutowireCapableBeanFactory.invokeInitMethods(AbstractAutowireCapableBeanFactory.java:1816) ~[spring-beans-6.0.10.jar:6.0.10]
	at org.springframework.beans.factory.support.AbstractAutowireCapableBeanFactory.initializeBean(AbstractAutowireCapableBeanFactory.java:1766) ~[spring-beans-6.0.10.jar:6.0.10]
	... 16 common frames omitted

2023-07-30T18:17:51.641+02:00  INFO 13656 --- [main] com.example.Spring.Application           : Starting Application using Java 19.0.2 with PID 13656 (C:\Users\andre\IdeaProjects\Develhope_SpringBoot\target\classes started by andre in C:\Users\andre\IdeaProjects\Develhope_SpringBoot)
2023-07-30T18:17:51.644+02:00  INFO 13656 --- [main] com.example.Spring.Application           : No active profile set, falling back to 1 default profile: "default"
2023-07-30T18:17:52.241+02:00  INFO 13656 --- [main] .s.d.r.c.RepositoryConfigurationDelegate : Bootstrapping Spring Data JPA repositories in DEFAULT mode.
2023-07-30T18:17:52.282+02:00  INFO 13656 --- [main] .s.d.r.c.RepositoryConfigurationDelegate : Finished Spring Data repository scanning in 36 ms. Found 2 JPA repository interfaces.
2023-07-30T18:17:52.757+02:00  INFO 13656 --- [main] o.s.b.w.embedded.tomcat.TomcatWebServer  : Tomcat initialized with port(s): 8080 (http)
2023-07-30T18:17:52.767+02:00  INFO 13656 --- [main] o.apache.catalina.core.StandardService   : Starting service [Tomcat]
2023-07-30T18:17:52.767+02:00  INFO 13656 --- [main] o.apache.catalina.core.StandardEngine    : Starting Servlet engine: [Apache Tomcat/10.1.10]
2023-07-30T18:17:52.845+02:00  INFO 13656 --- [main] o.a.c.c.C.[Tomcat].[localhost].[/]       : Initializing Spring embedded WebApplicationContext
2023-07-30T18:17:52.846+02:00  INFO 13656 --- [main] w.s.c.ServletWebServerApplicationContext : Root WebApplicationContext: initialization completed in 1153 ms
2023-07-30T18:17:52.975+02:00  INFO 13656 --- [main] o.hibernate.jpa.internal.util.LogHelper  : HHH000204: Processing PersistenceUnitInfo [name: default]
2023-07-30T18:17:53.024+02:00  INFO 13656 --- [main] org.hibernate.Version                    : HHH000412: Hibernate ORM core version 6.2.5.Final
2023-07-30T18:17:53.026+02:00  INFO 13656 --- [main] org.hibernate.cfg.Environment            : HHH000406: Using bytecode reflection optimizer
2023-07-30T18:17:53.111+02:00  INFO 13656 --- [main] o.h.b.i.BytecodeProviderInitiator        : HHH000021: Bytecode provider name : bytebuddy
2023-07-30T18:17:53.209+02:00  INFO 13656 --- [main] o.s.o.j.p.SpringPersistenceUnitInfo      : No LoadTimeWeaver setup: ignoring JPA class transformer
2023-07-30T18:17:53.225+02:00  INFO 13656 --- [main] com.zaxxer.hikari.HikariDataSource       : HikariPool-1 - Starting...
2023-07-30T18:17:53.477+02:00  INFO 13656 --- [main] com.zaxxer.hikari.pool.HikariPool        : HikariPool-1 - Added connection com.mysql.cj.jdbc.ConnectionImpl@4e7bc939
2023-07-30T18:17:53.479+02:00  INFO 13656 --- [main] com.zaxxer.hikari.HikariDataSource       : HikariPool-1 - Start completed.
2023-07-30T18:17:53.695+02:00  INFO 13656 --- [main] o.h.b.i.BytecodeProviderInitiator        : HHH000021: Bytecode provider name : bytebuddy
2023-07-30T18:17:54.117+02:00  INFO 13656 --- [main] o.h.e.t.j.p.i.JtaPlatformInitiator       : HHH000490: Using JtaPlatform implementation: [org.hibernate.engine.transaction.jta.platform.internal.NoJtaPlatform]
2023-07-30T18:17:54.179+02:00  INFO 13656 --- [main] j.LocalContainerEntityManagerFactoryBean : Initialized JPA EntityManagerFactory for persistence unit 'default'
2023-07-30T18:17:54.493+02:00  WARN 13656 --- [main] JpaBaseConfiguration$JpaWebConfiguration : spring.jpa.open-in-view is enabled by default. Therefore, database queries may be performed during view rendering. Explicitly configure spring.jpa.open-in-view to disable this warning
2023-07-30T18:17:54.845+02:00  INFO 13656 --- [main] o.s.b.w.embedded.tomcat.TomcatWebServer  : Tomcat started on port(s): 8080 (http) with context path ''
2023-07-30T18:17:54.853+02:00  INFO 13656 --- [main] com.example.Spring.Application           : Started Application in 3.615 seconds (process running for 3.941)
2023-07-30T18:18:17.684+02:00  INFO 13656 --- [http-nio-8080-exec-2] o.a.c.c.C.[Tomcat].[localhost].[/]       : Initializing Spring DispatcherServlet 'dispatcherServlet'
2023-07-30T18:18:17.685+02:00  INFO 13656 --- [http-nio-8080-exec-2] o.s.web.servlet.DispatcherServlet        : Initializing Servlet 'dispatcherServlet'
2023-07-30T18:18:17.686+02:00  INFO 13656 --- [http-nio-8080-exec-2] o.s.web.servlet.DispatcherServlet        : Completed initialization in 1 ms
2023-07-30T18:18:18.330+02:00  INFO 13656 --- [http-nio-8080-exec-7] o.springdoc.api.AbstractOpenApiResource  : Init duration for springdoc-openapi is: 353 ms
2023-07-30T18:25:44.718+02:00  INFO 13656 --- [SpringApplicationShutdownHook] j.LocalContainerEntityManagerFactoryBean : Closing JPA EntityManagerFactory for persistence unit 'default'
2023-07-30T18:25:44.721+02:00  INFO 13656 --- [SpringApplicationShutdownHook] com.zaxxer.hikari.HikariDataSource       : HikariPool-1 - Shutdown initiated...
2023-07-30T18:25:44.730+02:00  INFO 13656 --- [SpringApplicationShutdownHook] com.zaxxer.hikari.HikariDataSource       : HikariPool-1 - Shutdown completed.
2023-07-30T18:25:47.714+02:00  INFO 14480 --- [main] com.example.Spring.Application           : Starting Application using Java 19.0.2 with PID 14480 (C:\Users\andre\IdeaProjects\Develhope_SpringBoot\target\classes started by andre in C:\Users\andre\IdeaProjects\Develhope_SpringBoot)
2023-07-30T18:25:47.716+02:00  INFO 14480 --- [main] com.example.Spring.Application           : No active profile set, falling back to 1 default profile: "default"
2023-07-30T18:25:48.341+02:00  INFO 14480 --- [main] .s.d.r.c.RepositoryConfigurationDelegate : Bootstrapping Spring Data JPA repositories in DEFAULT mode.
2023-07-30T18:25:48.401+02:00  INFO 14480 --- [main] .s.d.r.c.RepositoryConfigurationDelegate : Finished Spring Data repository scanning in 52 ms. Found 2 JPA repository interfaces.
2023-07-30T18:25:48.855+02:00  INFO 14480 --- [main] o.s.b.w.embedded.tomcat.TomcatWebServer  : Tomcat initialized with port(s): 8080 (http)
2023-07-30T18:25:48.866+02:00  INFO 14480 --- [main] o.apache.catalina.core.StandardService   : Starting service [Tomcat]
2023-07-30T18:25:48.866+02:00  INFO 14480 --- [main] o.apache.catalina.core.StandardEngine    : Starting Servlet engine: [Apache Tomcat/10.1.10]
2023-07-30T18:25:48.936+02:00  INFO 14480 --- [main] o.a.c.c.C.[Tomcat].[localhost].[/]       : Initializing Spring embedded WebApplicationContext
2023-07-30T18:25:48.937+02:00  INFO 14480 --- [main] w.s.c.ServletWebServerApplicationContext : Root WebApplicationContext: initialization completed in 1171 ms
2023-07-30T18:25:49.075+02:00  INFO 14480 --- [main] o.hibernate.jpa.internal.util.LogHelper  : HHH000204: Processing PersistenceUnitInfo [name: default]
2023-07-30T18:25:49.124+02:00  INFO 14480 --- [main] org.hibernate.Version                    : HHH000412: Hibernate ORM core version 6.2.5.Final
2023-07-30T18:25:49.126+02:00  INFO 14480 --- [main] org.hibernate.cfg.Environment            : HHH000406: Using bytecode reflection optimizer
2023-07-30T18:25:49.228+02:00  INFO 14480 --- [main] o.h.b.i.BytecodeProviderInitiator        : HHH000021: Bytecode provider name : bytebuddy
2023-07-30T18:25:49.324+02:00  INFO 14480 --- [main] o.s.o.j.p.SpringPersistenceUnitInfo      : No LoadTimeWeaver setup: ignoring JPA class transformer
2023-07-30T18:25:49.336+02:00  INFO 14480 --- [main] com.zaxxer.hikari.HikariDataSource       : HikariPool-1 - Starting...
2023-07-30T18:25:49.576+02:00  INFO 14480 --- [main] com.zaxxer.hikari.pool.HikariPool        : HikariPool-1 - Added connection com.mysql.cj.jdbc.ConnectionImpl@b94703b
2023-07-30T18:25:49.578+02:00  INFO 14480 --- [main] com.zaxxer.hikari.HikariDataSource       : HikariPool-1 - Start completed.
2023-07-30T18:25:49.793+02:00  INFO 14480 --- [main] o.h.b.i.BytecodeProviderInitiator        : HHH000021: Bytecode provider name : bytebuddy
2023-07-30T18:25:50.217+02:00  INFO 14480 --- [main] o.h.e.t.j.p.i.JtaPlatformInitiator       : HHH000490: Using JtaPlatform implementation: [org.hibernate.engine.transaction.jta.platform.internal.NoJtaPlatform]
2023-07-30T18:25:50.279+02:00  INFO 14480 --- [main] j.LocalContainerEntityManagerFactoryBean : Initialized JPA EntityManagerFactory for persistence unit 'default'
2023-07-30T18:25:50.628+02:00  WARN 14480 --- [main] JpaBaseConfiguration$JpaWebConfiguration : spring.jpa.open-in-view is enabled by default. Therefore, database queries may be performed during view rendering. Explicitly configure spring.jpa.open-in-view to disable this warning
2023-07-30T18:25:50.968+02:00  INFO 14480 --- [main] o.s.b.w.embedded.tomcat.TomcatWebServer  : Tomcat started on port(s): 8080 (http) with context path ''
2023-07-30T18:25:50.975+02:00  INFO 14480 --- [main] com.example.Spring.Application           : Started Application in 3.691 seconds (process running for 4.052)
2023-07-30T18:25:56.539+02:00  INFO 14480 --- [http-nio-8080-exec-2] o.a.c.c.C.[Tomcat].[localhost].[/]       : Initializing Spring DispatcherServlet 'dispatcherServlet'
2023-07-30T18:25:56.539+02:00  INFO 14480 --- [http-nio-8080-exec-2] o.s.web.servlet.DispatcherServlet        : Initializing Servlet 'dispatcherServlet'
2023-07-30T18:25:56.540+02:00  INFO 14480 --- [http-nio-8080-exec-2] o.s.web.servlet.DispatcherServlet        : Completed initialization in 1 ms
2023-07-30T18:25:57.033+02:00  INFO 14480 --- [http-nio-8080-exec-4] o.springdoc.api.AbstractOpenApiResource  : Init duration for springdoc-openapi is: 266 ms
2023-07-30T18:28:29.689+02:00  INFO 14480 --- [http-nio-8080-exec-7] o.apache.coyote.http11.Http11Processor   : Error parsing HTTP request header
 Note: further occurrences of HTTP request parsing errors will be logged at DEBUG level.

java.lang.IllegalArgumentException: Invalid character found in the request target [/meal?id=0&name=Pasta%20al%20Pomodoro&description=Pasta%20al%20dente%20condita%20con%20una%20deliziosa%20salsa%20di%20pomodoro%20fresco%20e%20basilico.&calories=350&price=10.5&ingredients[id]=0&ingredients[name]=Pasta&ingredients[meals]=Pasta%20al%20Pomodoro&ingredients[meals]=Pasta%20al%20Pesto&ingredients[meals]=Pasta%20alla%20Carbonara&ingredients[vegetarian]=true&ingredients[vegan]=true&ingredients[glutenFree]=false&ingredients[lactoseFree]=true&ingredients[id]=0&ingredients[name]=Pomodoro&ingredients[meals]=Pasta%20al%20Pomodoro&ingredients[meals]=Pizza%20Margherita&ingredients[vegetarian]=true&ingredients[vegan]=true&ingredients[glutenFree]=true&ingredients[lactoseFree]=true&ingredients[id]=0&ingredients[name]=Basilico&ingredients[meals]=Pasta%20al%20Pomodoro&ingredients[meals]=Pizza%20Margherita&ingredients[vegetarian]=true&ingredients[vegan]=true&ingredients[glutenFree]=true&ingredients[lactoseFree]=true ]. The valid characters are defined in RFC 7230 and RFC 3986
	at org.apache.coyote.http11.Http11InputBuffer.parseRequestLine(Http11InputBuffer.java:482) ~[tomcat-embed-core-10.1.10.jar:10.1.10]
	at org.apache.coyote.http11.Http11Processor.service(Http11Processor.java:264) ~[tomcat-embed-core-10.1.10.jar:10.1.10]
	at org.apache.coyote.AbstractProcessorLight.process(AbstractProcessorLight.java:63) ~[tomcat-embed-core-10.1.10.jar:10.1.10]
	at org.apache.coyote.AbstractProtocol$ConnectionHandler.process(AbstractProtocol.java:894) ~[tomcat-embed-core-10.1.10.jar:10.1.10]
	at org.apache.tomcat.util.net.NioEndpoint$SocketProcessor.doRun(NioEndpoint.java:1741) ~[tomcat-embed-core-10.1.10.jar:10.1.10]
	at org.apache.tomcat.util.net.SocketProcessorBase.run(SocketProcessorBase.java:52) ~[tomcat-embed-core-10.1.10.jar:10.1.10]
	at org.apache.tomcat.util.threads.ThreadPoolExecutor.runWorker(ThreadPoolExecutor.java:1191) ~[tomcat-embed-core-10.1.10.jar:10.1.10]
	at org.apache.tomcat.util.threads.ThreadPoolExecutor$Worker.run(ThreadPoolExecutor.java:659) ~[tomcat-embed-core-10.1.10.jar:10.1.10]
	at org.apache.tomcat.util.threads.TaskThread$WrappingRunnable.run(TaskThread.java:61) ~[tomcat-embed-core-10.1.10.jar:10.1.10]
	at java.base/java.lang.Thread.run(Thread.java:1589) ~[na:na]

2023-07-30T18:29:12.861+02:00  INFO 14480 --- [SpringApplicationShutdownHook] j.LocalContainerEntityManagerFactoryBean : Closing JPA EntityManagerFactory for persistence unit 'default'
2023-07-30T18:29:12.863+02:00  INFO 14480 --- [SpringApplicationShutdownHook] com.zaxxer.hikari.HikariDataSource       : HikariPool-1 - Shutdown initiated...
2023-07-30T18:29:12.871+02:00  INFO 14480 --- [SpringApplicationShutdownHook] com.zaxxer.hikari.HikariDataSource       : HikariPool-1 - Shutdown completed.
2023-07-30T18:29:14.830+02:00  INFO 9944 --- [main] com.example.Spring.Application           : Starting Application using Java 19.0.2 with PID 9944 (C:\Users\andre\IdeaProjects\Develhope_SpringBoot\target\classes started by andre in C:\Users\andre\IdeaProjects\Develhope_SpringBoot)
2023-07-30T18:29:14.832+02:00  INFO 9944 --- [main] com.example.Spring.Application           : No active profile set, falling back to 1 default profile: "default"
2023-07-30T18:29:15.419+02:00  INFO 9944 --- [main] .s.d.r.c.RepositoryConfigurationDelegate : Bootstrapping Spring Data JPA repositories in DEFAULT mode.
2023-07-30T18:29:15.463+02:00  INFO 9944 --- [main] .s.d.r.c.RepositoryConfigurationDelegate : Finished Spring Data repository scanning in 38 ms. Found 2 JPA repository interfaces.
2023-07-30T18:29:15.922+02:00  INFO 9944 --- [main] o.s.b.w.embedded.tomcat.TomcatWebServer  : Tomcat initialized with port(s): 8080 (http)
2023-07-30T18:29:15.929+02:00  INFO 9944 --- [main] o.apache.catalina.core.StandardService   : Starting service [Tomcat]
2023-07-30T18:29:15.929+02:00  INFO 9944 --- [main] o.apache.catalina.core.StandardEngine    : Starting Servlet engine: [Apache Tomcat/10.1.10]
2023-07-30T18:29:15.996+02:00  INFO 9944 --- [main] o.a.c.c.C.[Tomcat].[localhost].[/]       : Initializing Spring embedded WebApplicationContext
2023-07-30T18:29:15.997+02:00  INFO 9944 --- [main] w.s.c.ServletWebServerApplicationContext : Root WebApplicationContext: initialization completed in 1117 ms
2023-07-30T18:29:16.132+02:00  INFO 9944 --- [main] o.hibernate.jpa.internal.util.LogHelper  : HHH000204: Processing PersistenceUnitInfo [name: default]
2023-07-30T18:29:16.187+02:00  INFO 9944 --- [main] org.hibernate.Version                    : HHH000412: Hibernate ORM core version 6.2.5.Final
2023-07-30T18:29:16.188+02:00  INFO 9944 --- [main] org.hibernate.cfg.Environment            : HHH000406: Using bytecode reflection optimizer
2023-07-30T18:29:16.278+02:00  INFO 9944 --- [main] o.h.b.i.BytecodeProviderInitiator        : HHH000021: Bytecode provider name : bytebuddy
2023-07-30T18:29:16.371+02:00  INFO 9944 --- [main] o.s.o.j.p.SpringPersistenceUnitInfo      : No LoadTimeWeaver setup: ignoring JPA class transformer
2023-07-30T18:29:16.382+02:00  INFO 9944 --- [main] com.zaxxer.hikari.HikariDataSource       : HikariPool-1 - Starting...
2023-07-30T18:29:16.619+02:00  INFO 9944 --- [main] com.zaxxer.hikari.pool.HikariPool        : HikariPool-1 - Added connection com.mysql.cj.jdbc.ConnectionImpl@4d290757
2023-07-30T18:29:16.621+02:00  INFO 9944 --- [main] com.zaxxer.hikari.HikariDataSource       : HikariPool-1 - Start completed.
2023-07-30T18:29:16.813+02:00  INFO 9944 --- [main] o.h.b.i.BytecodeProviderInitiator        : HHH000021: Bytecode provider name : bytebuddy
2023-07-30T18:29:17.243+02:00  INFO 9944 --- [main] o.h.e.t.j.p.i.JtaPlatformInitiator       : HHH000490: Using JtaPlatform implementation: [org.hibernate.engine.transaction.jta.platform.internal.NoJtaPlatform]
2023-07-30T18:29:17.305+02:00  INFO 9944 --- [main] j.LocalContainerEntityManagerFactoryBean : Initialized JPA EntityManagerFactory for persistence unit 'default'
2023-07-30T18:29:17.605+02:00  WARN 9944 --- [main] JpaBaseConfiguration$JpaWebConfiguration : spring.jpa.open-in-view is enabled by default. Therefore, database queries may be performed during view rendering. Explicitly configure spring.jpa.open-in-view to disable this warning
2023-07-30T18:29:17.918+02:00  INFO 9944 --- [main] o.s.b.w.embedded.tomcat.TomcatWebServer  : Tomcat started on port(s): 8080 (http) with context path ''
2023-07-30T18:29:17.925+02:00  INFO 9944 --- [main] com.example.Spring.Application           : Started Application in 3.461 seconds (process running for 3.777)
2023-07-30T18:29:21.190+02:00  INFO 9944 --- [http-nio-8080-exec-1] o.a.c.c.C.[Tomcat].[localhost].[/]       : Initializing Spring DispatcherServlet 'dispatcherServlet'
2023-07-30T18:29:21.190+02:00  INFO 9944 --- [http-nio-8080-exec-1] o.s.web.servlet.DispatcherServlet        : Initializing Servlet 'dispatcherServlet'
2023-07-30T18:29:21.192+02:00  INFO 9944 --- [http-nio-8080-exec-1] o.s.web.servlet.DispatcherServlet        : Completed initialization in 2 ms
2023-07-30T18:29:21.787+02:00  INFO 9944 --- [http-nio-8080-exec-4] o.springdoc.api.AbstractOpenApiResource  : Init duration for springdoc-openapi is: 336 ms
2023-07-30T18:30:22.065+02:00  INFO 9944 --- [http-nio-8080-exec-6] o.apache.coyote.http11.Http11Processor   : Error parsing HTTP request header
 Note: further occurrences of HTTP request parsing errors will be logged at DEBUG level.

java.lang.IllegalArgumentException: Invalid character found in the request target [/meal?id=1&name=Pasta%20al%20Pomodoro&description=Pasta%20al%20dente%20condita%20con%20una%20deliziosa%20salsa%20di%20pomodoro%20fresco%20e%20basilico.&calories=350&price=10.5&ingredients[id]=1&ingredients[name]=Pasta&ingredients[meals]=Pasta%20al%20Pomodoro&ingredients[meals]=Pasta%20al%20Pesto&ingredients[meals]=Pasta%20alla%20Carbonara&ingredients[vegetarian]=true&ingredients[vegan]=true&ingredients[glutenFree]=false&ingredients[lactoseFree]=true&ingredients[id]=2&ingredients[name]=Pomodoro&ingredients[meals]=Pasta%20al%20Pomodoro&ingredients[meals]=Pizza%20Margherita&ingredients[vegetarian]=true&ingredients[vegan]=true&ingredients[glutenFree]=true&ingredients[lactoseFree]=true&ingredients[id]=3&ingredients[name]=Basilico&ingredients[meals]=Pasta%20al%20Pomodoro&ingredients[meals]=Pizza%20Margherita&ingredients[vegetarian]=true&ingredients[vegan]=true&ingredients[glutenFree]=true&ingredients[lactoseFree]=true ]. The valid characters are defined in RFC 7230 and RFC 3986
	at org.apache.coyote.http11.Http11InputBuffer.parseRequestLine(Http11InputBuffer.java:482) ~[tomcat-embed-core-10.1.10.jar:10.1.10]
	at org.apache.coyote.http11.Http11Processor.service(Http11Processor.java:264) ~[tomcat-embed-core-10.1.10.jar:10.1.10]
	at org.apache.coyote.AbstractProcessorLight.process(AbstractProcessorLight.java:63) ~[tomcat-embed-core-10.1.10.jar:10.1.10]
	at org.apache.coyote.AbstractProtocol$ConnectionHandler.process(AbstractProtocol.java:894) ~[tomcat-embed-core-10.1.10.jar:10.1.10]
	at org.apache.tomcat.util.net.NioEndpoint$SocketProcessor.doRun(NioEndpoint.java:1741) ~[tomcat-embed-core-10.1.10.jar:10.1.10]
	at org.apache.tomcat.util.net.SocketProcessorBase.run(SocketProcessorBase.java:52) ~[tomcat-embed-core-10.1.10.jar:10.1.10]
	at org.apache.tomcat.util.threads.ThreadPoolExecutor.runWorker(ThreadPoolExecutor.java:1191) ~[tomcat-embed-core-10.1.10.jar:10.1.10]
	at org.apache.tomcat.util.threads.ThreadPoolExecutor$Worker.run(ThreadPoolExecutor.java:659) ~[tomcat-embed-core-10.1.10.jar:10.1.10]
	at org.apache.tomcat.util.threads.TaskThread$WrappingRunnable.run(TaskThread.java:61) ~[tomcat-embed-core-10.1.10.jar:10.1.10]
	at java.base/java.lang.Thread.run(Thread.java:1589) ~[na:na]

2023-07-30T18:33:36.247+02:00  INFO 9944 --- [SpringApplicationShutdownHook] j.LocalContainerEntityManagerFactoryBean : Closing JPA EntityManagerFactory for persistence unit 'default'
2023-07-30T18:33:36.249+02:00  INFO 9944 --- [SpringApplicationShutdownHook] com.zaxxer.hikari.HikariDataSource       : HikariPool-1 - Shutdown initiated...
2023-07-30T18:33:36.255+02:00  INFO 9944 --- [SpringApplicationShutdownHook] com.zaxxer.hikari.HikariDataSource       : HikariPool-1 - Shutdown completed.
2023-07-30T18:33:38.412+02:00  INFO 6772 --- [main] com.example.Spring.Application           : Starting Application using Java 19.0.2 with PID 6772 (C:\Users\andre\IdeaProjects\Develhope_SpringBoot\target\classes started by andre in C:\Users\andre\IdeaProjects\Develhope_SpringBoot)
2023-07-30T18:33:38.415+02:00  INFO 6772 --- [main] com.example.Spring.Application           : No active profile set, falling back to 1 default profile: "default"
2023-07-30T18:33:39.009+02:00  INFO 6772 --- [main] .s.d.r.c.RepositoryConfigurationDelegate : Bootstrapping Spring Data JPA repositories in DEFAULT mode.
2023-07-30T18:33:39.057+02:00  INFO 6772 --- [main] .s.d.r.c.RepositoryConfigurationDelegate : Finished Spring Data repository scanning in 40 ms. Found 2 JPA repository interfaces.
2023-07-30T18:33:39.508+02:00  INFO 6772 --- [main] o.s.b.w.embedded.tomcat.TomcatWebServer  : Tomcat initialized with port(s): 8080 (http)
2023-07-30T18:33:39.516+02:00  INFO 6772 --- [main] o.apache.catalina.core.StandardService   : Starting service [Tomcat]
2023-07-30T18:33:39.517+02:00  INFO 6772 --- [main] o.apache.catalina.core.StandardEngine    : Starting Servlet engine: [Apache Tomcat/10.1.10]
2023-07-30T18:33:39.582+02:00  INFO 6772 --- [main] o.a.c.c.C.[Tomcat].[localhost].[/]       : Initializing Spring embedded WebApplicationContext
2023-07-30T18:33:39.583+02:00  INFO 6772 --- [main] w.s.c.ServletWebServerApplicationContext : Root WebApplicationContext: initialization completed in 1122 ms
2023-07-30T18:33:39.717+02:00  INFO 6772 --- [main] o.hibernate.jpa.internal.util.LogHelper  : HHH000204: Processing PersistenceUnitInfo [name: default]
2023-07-30T18:33:39.766+02:00  INFO 6772 --- [main] org.hibernate.Version                    : HHH000412: Hibernate ORM core version 6.2.5.Final
2023-07-30T18:33:39.767+02:00  INFO 6772 --- [main] org.hibernate.cfg.Environment            : HHH000406: Using bytecode reflection optimizer
2023-07-30T18:33:39.850+02:00  INFO 6772 --- [main] o.h.b.i.BytecodeProviderInitiator        : HHH000021: Bytecode provider name : bytebuddy
2023-07-30T18:33:39.933+02:00  INFO 6772 --- [main] o.s.o.j.p.SpringPersistenceUnitInfo      : No LoadTimeWeaver setup: ignoring JPA class transformer
2023-07-30T18:33:39.946+02:00  INFO 6772 --- [main] com.zaxxer.hikari.HikariDataSource       : HikariPool-1 - Starting...
2023-07-30T18:33:40.181+02:00  INFO 6772 --- [main] com.zaxxer.hikari.pool.HikariPool        : HikariPool-1 - Added connection com.mysql.cj.jdbc.ConnectionImpl@e795a1d
2023-07-30T18:33:40.182+02:00  INFO 6772 --- [main] com.zaxxer.hikari.HikariDataSource       : HikariPool-1 - Start completed.
2023-07-30T18:33:40.396+02:00  INFO 6772 --- [main] o.h.b.i.BytecodeProviderInitiator        : HHH000021: Bytecode provider name : bytebuddy
2023-07-30T18:33:40.826+02:00  INFO 6772 --- [main] o.h.e.t.j.p.i.JtaPlatformInitiator       : HHH000490: Using JtaPlatform implementation: [org.hibernate.engine.transaction.jta.platform.internal.NoJtaPlatform]
2023-07-30T18:33:40.893+02:00  INFO 6772 --- [main] j.LocalContainerEntityManagerFactoryBean : Initialized JPA EntityManagerFactory for persistence unit 'default'
2023-07-30T18:33:41.200+02:00  WARN 6772 --- [main] JpaBaseConfiguration$JpaWebConfiguration : spring.jpa.open-in-view is enabled by default. Therefore, database queries may be performed during view rendering. Explicitly configure spring.jpa.open-in-view to disable this warning
2023-07-30T18:33:41.545+02:00  INFO 6772 --- [main] o.s.b.w.embedded.tomcat.TomcatWebServer  : Tomcat started on port(s): 8080 (http) with context path ''
2023-07-30T18:33:41.553+02:00  INFO 6772 --- [main] com.example.Spring.Application           : Started Application in 3.518 seconds (process running for 3.876)
2023-07-30T18:33:44.077+02:00  INFO 6772 --- [http-nio-8080-exec-1] o.a.c.c.C.[Tomcat].[localhost].[/]       : Initializing Spring DispatcherServlet 'dispatcherServlet'
2023-07-30T18:33:44.077+02:00  INFO 6772 --- [http-nio-8080-exec-1] o.s.web.servlet.DispatcherServlet        : Initializing Servlet 'dispatcherServlet'
2023-07-30T18:33:44.078+02:00  INFO 6772 --- [http-nio-8080-exec-1] o.s.web.servlet.DispatcherServlet        : Completed initialization in 1 ms
2023-07-30T18:33:44.702+02:00  INFO 6772 --- [http-nio-8080-exec-4] o.springdoc.api.AbstractOpenApiResource  : Init duration for springdoc-openapi is: 365 ms
2023-07-30T18:33:59.486+02:00  INFO 6772 --- [http-nio-8080-exec-5] o.apache.coyote.http11.Http11Processor   : Error parsing HTTP request header
 Note: further occurrences of HTTP request parsing errors will be logged at DEBUG level.

java.lang.IllegalArgumentException: Invalid character found in the request target [/meal?id=0&name=Pasta%20al%20Pomodoro&description=Pasta%20al%20dente%20condita%20con%20una%20deliziosa%20salsa%20di%20pomodoro%20fresco%20e%20basilico.&calories=350&price=10.5&ingredients[id]=0&ingredients[name]=Pasta&ingredients[meals]=&ingredients[vegetarian]=true&ingredients[vegan]=true&ingredients[glutenFree]=false&ingredients[lactoseFree]=true&ingredients[id]=0&ingredients[name]=Pomodoro&ingredients[meals]=&ingredients[vegetarian]=true&ingredients[vegan]=true&ingredients[glutenFree]=true&ingredients[lactoseFree]=true&ingredients[id]=0&ingredients[name]=Basilico&ingredients[meals]=&ingredients[vegetarian]=true&ingredients[vegan]=true&ingredients[glutenFree]=true&ingredients[lactoseFree]=true ]. The valid characters are defined in RFC 7230 and RFC 3986
	at org.apache.coyote.http11.Http11InputBuffer.parseRequestLine(Http11InputBuffer.java:482) ~[tomcat-embed-core-10.1.10.jar:10.1.10]
	at org.apache.coyote.http11.Http11Processor.service(Http11Processor.java:264) ~[tomcat-embed-core-10.1.10.jar:10.1.10]
	at org.apache.coyote.AbstractProcessorLight.process(AbstractProcessorLight.java:63) ~[tomcat-embed-core-10.1.10.jar:10.1.10]
	at org.apache.coyote.AbstractProtocol$ConnectionHandler.process(AbstractProtocol.java:894) ~[tomcat-embed-core-10.1.10.jar:10.1.10]
	at org.apache.tomcat.util.net.NioEndpoint$SocketProcessor.doRun(NioEndpoint.java:1741) ~[tomcat-embed-core-10.1.10.jar:10.1.10]
	at org.apache.tomcat.util.net.SocketProcessorBase.run(SocketProcessorBase.java:52) ~[tomcat-embed-core-10.1.10.jar:10.1.10]
	at org.apache.tomcat.util.threads.ThreadPoolExecutor.runWorker(ThreadPoolExecutor.java:1191) ~[tomcat-embed-core-10.1.10.jar:10.1.10]
	at org.apache.tomcat.util.threads.ThreadPoolExecutor$Worker.run(ThreadPoolExecutor.java:659) ~[tomcat-embed-core-10.1.10.jar:10.1.10]
	at org.apache.tomcat.util.threads.TaskThread$WrappingRunnable.run(TaskThread.java:61) ~[tomcat-embed-core-10.1.10.jar:10.1.10]
	at java.base/java.lang.Thread.run(Thread.java:1589) ~[na:na]

2023-07-30T18:34:23.194+02:00  INFO 6772 --- [SpringApplicationShutdownHook] j.LocalContainerEntityManagerFactoryBean : Closing JPA EntityManagerFactory for persistence unit 'default'
2023-07-30T18:34:23.196+02:00  INFO 6772 --- [SpringApplicationShutdownHook] com.zaxxer.hikari.HikariDataSource       : HikariPool-1 - Shutdown initiated...
2023-07-30T18:34:23.204+02:00  INFO 6772 --- [SpringApplicationShutdownHook] com.zaxxer.hikari.HikariDataSource       : HikariPool-1 - Shutdown completed.
2023-07-30T18:34:25.206+02:00  INFO 7512 --- [main] com.example.Spring.Application           : Starting Application using Java 19.0.2 with PID 7512 (C:\Users\andre\IdeaProjects\Develhope_SpringBoot\target\classes started by andre in C:\Users\andre\IdeaProjects\Develhope_SpringBoot)
2023-07-30T18:34:25.208+02:00  INFO 7512 --- [main] com.example.Spring.Application           : No active profile set, falling back to 1 default profile: "default"
2023-07-30T18:34:25.798+02:00  INFO 7512 --- [main] .s.d.r.c.RepositoryConfigurationDelegate : Bootstrapping Spring Data JPA repositories in DEFAULT mode.
2023-07-30T18:34:25.846+02:00  INFO 7512 --- [main] .s.d.r.c.RepositoryConfigurationDelegate : Finished Spring Data repository scanning in 42 ms. Found 2 JPA repository interfaces.
2023-07-30T18:34:26.310+02:00  INFO 7512 --- [main] o.s.b.w.embedded.tomcat.TomcatWebServer  : Tomcat initialized with port(s): 8080 (http)
2023-07-30T18:34:26.318+02:00  INFO 7512 --- [main] o.apache.catalina.core.StandardService   : Starting service [Tomcat]
2023-07-30T18:34:26.318+02:00  INFO 7512 --- [main] o.apache.catalina.core.StandardEngine    : Starting Servlet engine: [Apache Tomcat/10.1.10]
2023-07-30T18:34:26.386+02:00  INFO 7512 --- [main] o.a.c.c.C.[Tomcat].[localhost].[/]       : Initializing Spring embedded WebApplicationContext
2023-07-30T18:34:26.387+02:00  INFO 7512 --- [main] w.s.c.ServletWebServerApplicationContext : Root WebApplicationContext: initialization completed in 1128 ms
2023-07-30T18:34:26.517+02:00  INFO 7512 --- [main] o.hibernate.jpa.internal.util.LogHelper  : HHH000204: Processing PersistenceUnitInfo [name: default]
2023-07-30T18:34:26.565+02:00  INFO 7512 --- [main] org.hibernate.Version                    : HHH000412: Hibernate ORM core version 6.2.5.Final
2023-07-30T18:34:26.566+02:00  INFO 7512 --- [main] org.hibernate.cfg.Environment            : HHH000406: Using bytecode reflection optimizer
2023-07-30T18:34:26.657+02:00  INFO 7512 --- [main] o.h.b.i.BytecodeProviderInitiator        : HHH000021: Bytecode provider name : bytebuddy
2023-07-30T18:34:26.759+02:00  INFO 7512 --- [main] o.s.o.j.p.SpringPersistenceUnitInfo      : No LoadTimeWeaver setup: ignoring JPA class transformer
2023-07-30T18:34:26.771+02:00  INFO 7512 --- [main] com.zaxxer.hikari.HikariDataSource       : HikariPool-1 - Starting...
2023-07-30T18:34:27.023+02:00  INFO 7512 --- [main] com.zaxxer.hikari.pool.HikariPool        : HikariPool-1 - Added connection com.mysql.cj.jdbc.ConnectionImpl@b94703b
2023-07-30T18:34:27.025+02:00  INFO 7512 --- [main] com.zaxxer.hikari.HikariDataSource       : HikariPool-1 - Start completed.
2023-07-30T18:34:27.288+02:00  INFO 7512 --- [main] o.h.b.i.BytecodeProviderInitiator        : HHH000021: Bytecode provider name : bytebuddy
2023-07-30T18:34:27.708+02:00  INFO 7512 --- [main] o.h.e.t.j.p.i.JtaPlatformInitiator       : HHH000490: Using JtaPlatform implementation: [org.hibernate.engine.transaction.jta.platform.internal.NoJtaPlatform]
2023-07-30T18:34:27.770+02:00  INFO 7512 --- [main] j.LocalContainerEntityManagerFactoryBean : Initialized JPA EntityManagerFactory for persistence unit 'default'
2023-07-30T18:34:28.100+02:00  WARN 7512 --- [main] JpaBaseConfiguration$JpaWebConfiguration : spring.jpa.open-in-view is enabled by default. Therefore, database queries may be performed during view rendering. Explicitly configure spring.jpa.open-in-view to disable this warning
2023-07-30T18:34:28.479+02:00  INFO 7512 --- [main] o.s.b.w.embedded.tomcat.TomcatWebServer  : Tomcat started on port(s): 8080 (http) with context path ''
2023-07-30T18:34:28.487+02:00  INFO 7512 --- [main] com.example.Spring.Application           : Started Application in 3.702 seconds (process running for 4.041)
2023-07-30T18:34:46.206+02:00  INFO 7512 --- [http-nio-8080-exec-1] o.a.c.c.C.[Tomcat].[localhost].[/]       : Initializing Spring DispatcherServlet 'dispatcherServlet'
2023-07-30T18:34:46.206+02:00  INFO 7512 --- [http-nio-8080-exec-1] o.s.web.servlet.DispatcherServlet        : Initializing Servlet 'dispatcherServlet'
2023-07-30T18:34:46.207+02:00  INFO 7512 --- [http-nio-8080-exec-1] o.s.web.servlet.DispatcherServlet        : Completed initialization in 1 ms
2023-07-30T18:38:50.049+02:00  INFO 7512 --- [http-nio-8080-exec-2] o.apache.coyote.http11.Http11Processor   : Error parsing HTTP request header
 Note: further occurrences of HTTP request parsing errors will be logged at DEBUG level.

java.lang.IllegalArgumentException: Invalid character found in the request target [/ingredient?id=0&name=pasta&meals[id]=0&meals[name]=Pasta%20al%20Pomodoro&meals[description]=Pasta%20al%20dente%20condita%20con%20una%20deliziosa%20salsa%20di%20pomodoro%20fresco%20e%20basilico.&meals[calories]=350&meals[price]=10.5&meals[ingredients]=&vegan=true&lactoseFree=true&glutenFree=true&vegetarian=true ]. The valid characters are defined in RFC 7230 and RFC 3986
	at org.apache.coyote.http11.Http11InputBuffer.parseRequestLine(Http11InputBuffer.java:482) ~[tomcat-embed-core-10.1.10.jar:10.1.10]
	at org.apache.coyote.http11.Http11Processor.service(Http11Processor.java:264) ~[tomcat-embed-core-10.1.10.jar:10.1.10]
	at org.apache.coyote.AbstractProcessorLight.process(AbstractProcessorLight.java:63) ~[tomcat-embed-core-10.1.10.jar:10.1.10]
	at org.apache.coyote.AbstractProtocol$ConnectionHandler.process(AbstractProtocol.java:894) ~[tomcat-embed-core-10.1.10.jar:10.1.10]
	at org.apache.tomcat.util.net.NioEndpoint$SocketProcessor.doRun(NioEndpoint.java:1741) ~[tomcat-embed-core-10.1.10.jar:10.1.10]
	at org.apache.tomcat.util.net.SocketProcessorBase.run(SocketProcessorBase.java:52) ~[tomcat-embed-core-10.1.10.jar:10.1.10]
	at org.apache.tomcat.util.threads.ThreadPoolExecutor.runWorker(ThreadPoolExecutor.java:1191) ~[tomcat-embed-core-10.1.10.jar:10.1.10]
	at org.apache.tomcat.util.threads.ThreadPoolExecutor$Worker.run(ThreadPoolExecutor.java:659) ~[tomcat-embed-core-10.1.10.jar:10.1.10]
	at org.apache.tomcat.util.threads.TaskThread$WrappingRunnable.run(TaskThread.java:61) ~[tomcat-embed-core-10.1.10.jar:10.1.10]
	at java.base/java.lang.Thread.run(Thread.java:1589) ~[na:na]

2023-07-30T18:39:09.052+02:00  INFO 7512 --- [SpringApplicationShutdownHook] j.LocalContainerEntityManagerFactoryBean : Closing JPA EntityManagerFactory for persistence unit 'default'
2023-07-30T18:39:09.053+02:00  INFO 7512 --- [SpringApplicationShutdownHook] com.zaxxer.hikari.HikariDataSource       : HikariPool-1 - Shutdown initiated...
2023-07-30T18:39:09.061+02:00  INFO 7512 --- [SpringApplicationShutdownHook] com.zaxxer.hikari.HikariDataSource       : HikariPool-1 - Shutdown completed.
2023-07-30T18:39:11.098+02:00  INFO 8296 --- [main] com.example.Spring.Application           : Starting Application using Java 19.0.2 with PID 8296 (C:\Users\andre\IdeaProjects\Develhope_SpringBoot\target\classes started by andre in C:\Users\andre\IdeaProjects\Develhope_SpringBoot)
2023-07-30T18:39:11.100+02:00  INFO 8296 --- [main] com.example.Spring.Application           : No active profile set, falling back to 1 default profile: "default"
2023-07-30T18:39:11.714+02:00  INFO 8296 --- [main] .s.d.r.c.RepositoryConfigurationDelegate : Bootstrapping Spring Data JPA repositories in DEFAULT mode.
2023-07-30T18:39:11.758+02:00  INFO 8296 --- [main] .s.d.r.c.RepositoryConfigurationDelegate : Finished Spring Data repository scanning in 38 ms. Found 2 JPA repository interfaces.
2023-07-30T18:39:12.271+02:00  INFO 8296 --- [main] o.s.b.w.embedded.tomcat.TomcatWebServer  : Tomcat initialized with port(s): 8080 (http)
2023-07-30T18:39:12.280+02:00  INFO 8296 --- [main] o.apache.catalina.core.StandardService   : Starting service [Tomcat]
2023-07-30T18:39:12.281+02:00  INFO 8296 --- [main] o.apache.catalina.core.StandardEngine    : Starting Servlet engine: [Apache Tomcat/10.1.10]
2023-07-30T18:39:12.359+02:00  INFO 8296 --- [main] o.a.c.c.C.[Tomcat].[localhost].[/]       : Initializing Spring embedded WebApplicationContext
2023-07-30T18:39:12.360+02:00  INFO 8296 --- [main] w.s.c.ServletWebServerApplicationContext : Root WebApplicationContext: initialization completed in 1211 ms
2023-07-30T18:39:12.485+02:00  INFO 8296 --- [main] o.hibernate.jpa.internal.util.LogHelper  : HHH000204: Processing PersistenceUnitInfo [name: default]
2023-07-30T18:39:12.525+02:00  INFO 8296 --- [main] org.hibernate.Version                    : HHH000412: Hibernate ORM core version 6.2.5.Final
2023-07-30T18:39:12.528+02:00  INFO 8296 --- [main] org.hibernate.cfg.Environment            : HHH000406: Using bytecode reflection optimizer
2023-07-30T18:39:12.613+02:00  INFO 8296 --- [main] o.h.b.i.BytecodeProviderInitiator        : HHH000021: Bytecode provider name : bytebuddy
2023-07-30T18:39:12.702+02:00  INFO 8296 --- [main] o.s.o.j.p.SpringPersistenceUnitInfo      : No LoadTimeWeaver setup: ignoring JPA class transformer
2023-07-30T18:39:12.718+02:00  INFO 8296 --- [main] com.zaxxer.hikari.HikariDataSource       : HikariPool-1 - Starting...
2023-07-30T18:39:12.964+02:00  INFO 8296 --- [main] com.zaxxer.hikari.pool.HikariPool        : HikariPool-1 - Added connection com.mysql.cj.jdbc.ConnectionImpl@4d290757
2023-07-30T18:39:12.965+02:00  INFO 8296 --- [main] com.zaxxer.hikari.HikariDataSource       : HikariPool-1 - Start completed.
2023-07-30T18:39:13.184+02:00  INFO 8296 --- [main] o.h.b.i.BytecodeProviderInitiator        : HHH000021: Bytecode provider name : bytebuddy
2023-07-30T18:39:13.619+02:00  INFO 8296 --- [main] o.h.e.t.j.p.i.JtaPlatformInitiator       : HHH000490: Using JtaPlatform implementation: [org.hibernate.engine.transaction.jta.platform.internal.NoJtaPlatform]
2023-07-30T18:39:13.679+02:00  INFO 8296 --- [main] j.LocalContainerEntityManagerFactoryBean : Initialized JPA EntityManagerFactory for persistence unit 'default'
2023-07-30T18:39:14.039+02:00  WARN 8296 --- [main] JpaBaseConfiguration$JpaWebConfiguration : spring.jpa.open-in-view is enabled by default. Therefore, database queries may be performed during view rendering. Explicitly configure spring.jpa.open-in-view to disable this warning
2023-07-30T18:39:14.383+02:00  INFO 8296 --- [main] o.s.b.w.embedded.tomcat.TomcatWebServer  : Tomcat started on port(s): 8080 (http) with context path ''
2023-07-30T18:39:14.391+02:00  INFO 8296 --- [main] com.example.Spring.Application           : Started Application in 3.667 seconds (process running for 4.004)
2023-07-30T18:39:31.084+02:00  INFO 8296 --- [http-nio-8080-exec-1] o.a.c.c.C.[Tomcat].[localhost].[/]       : Initializing Spring DispatcherServlet 'dispatcherServlet'
2023-07-30T18:39:31.085+02:00  INFO 8296 --- [http-nio-8080-exec-1] o.s.web.servlet.DispatcherServlet        : Initializing Servlet 'dispatcherServlet'
2023-07-30T18:39:31.086+02:00  INFO 8296 --- [http-nio-8080-exec-1] o.s.web.servlet.DispatcherServlet        : Completed initialization in 1 ms
2023-07-30T18:42:59.178+02:00  INFO 8296 --- [SpringApplicationShutdownHook] j.LocalContainerEntityManagerFactoryBean : Closing JPA EntityManagerFactory for persistence unit 'default'
2023-07-30T18:42:59.179+02:00  INFO 8296 --- [SpringApplicationShutdownHook] com.zaxxer.hikari.HikariDataSource       : HikariPool-1 - Shutdown initiated...
2023-07-30T18:42:59.186+02:00  INFO 8296 --- [SpringApplicationShutdownHook] com.zaxxer.hikari.HikariDataSource       : HikariPool-1 - Shutdown completed.
